<?xml version="1.0" encoding="UTF-8"?>
<testsuite xmlns:xsi="http://www.w3.org/2001/XMLSchema-instance" xsi:noNamespaceSchemaLocation="https://maven.apache.org/surefire/maven-surefire-plugin/xsd/surefire-test-report.xsd" name="com.mulesoft.training.HelloMavenTest" time="3.839" tests="1" errors="0" skipped="0" failures="0">
  <properties>
    <property name="gopherProxySet" value="false"/>
    <property name="awt.toolkit" value="sun.lwawt.macosx.LWCToolkit"/>
    <property name="file.encoding.pkg" value="sun.io"/>
    <property name="java.specification.version" value="1.8"/>
    <property name="sun.cpu.isalist" value=""/>
    <property name="sun.jnu.encoding" value="UTF-8"/>
    <property name="java.class.path" value="/Users/Sekhar/AnypointStudio/Advance_Training/maven-demo/target/test-classes:/Users/Sekhar/AnypointStudio/Advance_Training/maven-demo/target/classes:/Sekhar_Data/Softwares/apache-maven-3.5.3/M2REPO/com/mulesoft/muleesb/mule-core-ee/3.9.0/mule-core-ee-3.9.0.jar:/Sekhar_Data/Softwares/apache-maven-3.5.3/M2REPO/org/mule/mule-core/3.9.0/mule-core-3.9.0.jar:/Sekhar_Data/Softwares/apache-maven-3.5.3/M2REPO/org/mule/extensions/mule-extensions-api/1.0.0-alpha-1/mule-extensions-api-1.0.0-alpha-1.jar:/Sekhar_Data/Softwares/apache-maven-3.5.3/M2REPO/commons-beanutils/commons-beanutils/1.9.3/commons-beanutils-1.9.3.jar:/Sekhar_Data/Softwares/apache-maven-3.5.3/M2REPO/com/github/stephenc/eaio-uuid/uuid/3.4.0/uuid-3.4.0.jar:/Sekhar_Data/Softwares/apache-maven-3.5.3/M2REPO/com/github/stephenc/eaio-grabbag/grabbag/1.8.1/grabbag-1.8.1.jar:/Sekhar_Data/Softwares/apache-maven-3.5.3/M2REPO/commons-cli/commons-cli/1.2/commons-cli-1.2.jar:/Sekhar_Data/Softwares/apache-maven-3.5.3/M2REPO/commons-collections/commons-collections/3.2.2/commons-collections-3.2.2.jar:/Sekhar_Data/Softwares/apache-maven-3.5.3/M2REPO/commons-io/commons-io/2.4/commons-io-2.4.jar:/Sekhar_Data/Softwares/apache-maven-3.5.3/M2REPO/commons-lang/commons-lang/2.4/commons-lang-2.4.jar:/Sekhar_Data/Softwares/apache-maven-3.5.3/M2REPO/commons-pool/commons-pool/1.6/commons-pool-1.6.jar:/Sekhar_Data/Softwares/apache-maven-3.5.3/M2REPO/javax/transaction/javax.transaction-api/1.2/javax.transaction-api-1.2.jar:/Sekhar_Data/Softwares/apache-maven-3.5.3/M2REPO/org/apache/geronimo/specs/geronimo-j2ee-connector_1.5_spec/2.0.0/geronimo-j2ee-connector_1.5_spec-2.0.0.jar:/Sekhar_Data/Softwares/apache-maven-3.5.3/M2REPO/javax/inject/javax.inject/1/javax.inject-1.jar:/Sekhar_Data/Softwares/apache-maven-3.5.3/M2REPO/com/lmax/disruptor/3.3.0/disruptor-3.3.0.jar:/Sekhar_Data/Softwares/apache-maven-3.5.3/M2REPO/org/slf4j/slf4j-api/1.7.24/slf4j-api-1.7.24.jar:/Sekhar_Data/Softwares/apache-maven-3.5.3/M2REPO/org/apache/logging/log4j/log4j-api/2.8.2/log4j-api-2.8.2.jar:/Sekhar_Data/Softwares/apache-maven-3.5.3/M2REPO/org/apache/logging/log4j/log4j-core/2.8.2/log4j-core-2.8.2.jar:/Sekhar_Data/Softwares/apache-maven-3.5.3/M2REPO/org/apache/logging/log4j/log4j-slf4j-impl/2.8.2/log4j-slf4j-impl-2.8.2.jar:/Sekhar_Data/Softwares/apache-maven-3.5.3/M2REPO/org/apache/logging/log4j/log4j-1.2-api/2.8.2/log4j-1.2-api-2.8.2.jar:/Sekhar_Data/Softwares/apache-maven-3.5.3/M2REPO/org/apache/logging/log4j/log4j-jcl/2.8.2/log4j-jcl-2.8.2.jar:/Sekhar_Data/Softwares/apache-maven-3.5.3/M2REPO/commons-logging/commons-logging/1.2/commons-logging-1.2.jar:/Sekhar_Data/Softwares/apache-maven-3.5.3/M2REPO/org/slf4j/jcl-over-slf4j/1.7.24/jcl-over-slf4j-1.7.24.jar:/Sekhar_Data/Softwares/apache-maven-3.5.3/M2REPO/org/apache/logging/log4j/log4j-jul/2.8.2/log4j-jul-2.8.2.jar:/Sekhar_Data/Softwares/apache-maven-3.5.3/M2REPO/asm/asm/3.1/asm-3.1.jar:/Sekhar_Data/Softwares/apache-maven-3.5.3/M2REPO/asm/asm-commons/3.1/asm-commons-3.1.jar:/Sekhar_Data/Softwares/apache-maven-3.5.3/M2REPO/asm/asm-tree/3.1/asm-tree-3.1.jar:/Sekhar_Data/Softwares/apache-maven-3.5.3/M2REPO/org/mule/mvel/mule-mvel2/2.1.9-MULE-012/mule-mvel2-2.1.9-MULE-012.jar:/Sekhar_Data/Softwares/apache-maven-3.5.3/M2REPO/org/jgrapht/jgrapht-jdk1.5/0.7.3/jgrapht-jdk1.5-0.7.3.jar:/Sekhar_Data/Softwares/apache-maven-3.5.3/M2REPO/com/mulesoft/licm/licm/1.2.0/licm-1.2.0.jar:/Sekhar_Data/Softwares/apache-maven-3.5.3/M2REPO/de/schlichtherle/truelicense/1.29/truelicense-1.29.jar:/Sekhar_Data/Softwares/apache-maven-3.5.3/M2REPO/de/schlichtherle/truexml/1.29/truexml-1.29.jar:/Sekhar_Data/Softwares/apache-maven-3.5.3/M2REPO/opensymphony/propertyset/1.3/propertyset-1.3.jar:/Sekhar_Data/Softwares/apache-maven-3.5.3/M2REPO/opensymphony/oscore/2.2.4/oscore-2.2.4.jar:/Sekhar_Data/Softwares/apache-maven-3.5.3/M2REPO/org/aspectj/aspectjrt/1.8.5/aspectjrt-1.8.5.jar:/Sekhar_Data/Softwares/apache-maven-3.5.3/M2REPO/com/mulesoft/muleesb/modules/mule-module-spring-config-ee/3.9.0/mule-module-spring-config-ee-3.9.0.jar:/Sekhar_Data/Softwares/apache-maven-3.5.3/M2REPO/com/mulesoft/muleesb/modules/mule-module-multi-tx-ee/3.9.0/mule-module-multi-tx-ee-3.9.0.jar:/Sekhar_Data/Softwares/apache-maven-3.5.3/M2REPO/com/mulesoft/muleesb/modules/mule-module-xa-tx-ee/3.9.0/mule-module-xa-tx-ee-3.9.0.jar:/Sekhar_Data/Softwares/apache-maven-3.5.3/M2REPO/com/mulesoft/muleesb/modules/mule-module-cache-ee/3.9.0/mule-module-cache-ee-3.9.0.jar:/Sekhar_Data/Softwares/apache-maven-3.5.3/M2REPO/org/springframework/spring-context/4.1.9.RELEASE/spring-context-4.1.9.RELEASE.jar:/Sekhar_Data/Softwares/apache-maven-3.5.3/M2REPO/org/springframework/spring-core/4.1.9.RELEASE/spring-core-4.1.9.RELEASE.jar:/Sekhar_Data/Softwares/apache-maven-3.5.3/M2REPO/org/springframework/spring-expression/4.1.9.RELEASE/spring-expression-4.1.9.RELEASE.jar:/Sekhar_Data/Softwares/apache-maven-3.5.3/M2REPO/org/mule/transports/mule-transport-file/3.9.0/mule-transport-file-3.9.0.jar:/Sekhar_Data/Softwares/apache-maven-3.5.3/M2REPO/org/mule/transports/mule-transport-http/3.9.0/mule-transport-http-3.9.0.jar:/Sekhar_Data/Softwares/apache-maven-3.5.3/M2REPO/org/mule/transports/mule-transport-ssl/3.9.0/mule-transport-ssl-3.9.0.jar:/Sekhar_Data/Softwares/apache-maven-3.5.3/M2REPO/commons-codec/commons-codec/1.9/commons-codec-1.9.jar:/Sekhar_Data/Softwares/apache-maven-3.5.3/M2REPO/commons-httpclient/commons-httpclient/3.1/commons-httpclient-3.1.jar:/Sekhar_Data/Softwares/apache-maven-3.5.3/M2REPO/org/apache/tomcat/coyote/6.0.53/coyote-6.0.53.jar:/Sekhar_Data/Softwares/apache-maven-3.5.3/M2REPO/org/apache/tomcat/juli/6.0.53/juli-6.0.53.jar:/Sekhar_Data/Softwares/apache-maven-3.5.3/M2REPO/org/samba/jcifs/jcifs/1.3.3/jcifs-1.3.3.jar:/Sekhar_Data/Softwares/apache-maven-3.5.3/M2REPO/joda-time/joda-time/2.9.1/joda-time-2.9.1.jar:/Sekhar_Data/Softwares/apache-maven-3.5.3/M2REPO/com/mulesoft/muleesb/transports/mule-transport-jdbc-ee/3.9.0/mule-transport-jdbc-ee-3.9.0.jar:/Sekhar_Data/Softwares/apache-maven-3.5.3/M2REPO/org/mule/transports/mule-transport-jdbc/3.9.0/mule-transport-jdbc-3.9.0.jar:/Sekhar_Data/Softwares/apache-maven-3.5.3/M2REPO/net/sf/flatpack/flatpack/3.1.1/flatpack-3.1.1.jar:/Sekhar_Data/Softwares/apache-maven-3.5.3/M2REPO/org/jdom/jdom/1.1.3/jdom-1.1.3.jar:/Sekhar_Data/Softwares/apache-maven-3.5.3/M2REPO/dom4j/dom4j/1.6.1/dom4j-1.6.1.jar:/Sekhar_Data/Softwares/apache-maven-3.5.3/M2REPO/com/mulesoft/muleesb/transports/mule-transport-jms-ee/3.9.0/mule-transport-jms-ee-3.9.0.jar:/Sekhar_Data/Softwares/apache-maven-3.5.3/M2REPO/org/mule/transports/mule-transport-jms/3.9.0/mule-transport-jms-3.9.0.jar:/Sekhar_Data/Softwares/apache-maven-3.5.3/M2REPO/org/apache/geronimo/specs/geronimo-jms_1.1_spec/1.1.1/geronimo-jms_1.1_spec-1.1.1.jar:/Sekhar_Data/Softwares/apache-maven-3.5.3/M2REPO/org/springframework/spring-jms/4.1.9.RELEASE/spring-jms-4.1.9.RELEASE.jar:/Sekhar_Data/Softwares/apache-maven-3.5.3/M2REPO/org/springframework/spring-messaging/4.1.9.RELEASE/spring-messaging-4.1.9.RELEASE.jar:/Sekhar_Data/Softwares/apache-maven-3.5.3/M2REPO/org/springframework/spring-tx/4.1.9.RELEASE/spring-tx-4.1.9.RELEASE.jar:/Sekhar_Data/Softwares/apache-maven-3.5.3/M2REPO/org/mule/transports/mule-transport-vm/3.9.0/mule-transport-vm-3.9.0.jar:/Sekhar_Data/Softwares/apache-maven-3.5.3/M2REPO/org/mule/modules/mule-module-scripting/3.9.0/mule-module-scripting-3.9.0.jar:/Sekhar_Data/Softwares/apache-maven-3.5.3/M2REPO/org/springframework/spring-aop/4.1.9.RELEASE/spring-aop-4.1.9.RELEASE.jar:/Sekhar_Data/Softwares/apache-maven-3.5.3/M2REPO/aopalliance/aopalliance/1.0/aopalliance-1.0.jar:/Sekhar_Data/Softwares/apache-maven-3.5.3/M2REPO/org/mule/modules/mule-module-builders/3.9.0/mule-module-builders-3.9.0.jar:/Sekhar_Data/Softwares/apache-maven-3.5.3/M2REPO/org/springframework/spring-web/4.1.9.RELEASE/spring-web-4.1.9.RELEASE.jar:/Sekhar_Data/Softwares/apache-maven-3.5.3/M2REPO/org/codehaus/groovy/groovy-all/2.4.4/groovy-all-2.4.4-indy.jar:/Sekhar_Data/Softwares/apache-maven-3.5.3/M2REPO/org/python/jython-standalone/2.7.1b3/jython-standalone-2.7.1b3.jar:/Sekhar_Data/Softwares/apache-maven-3.5.3/M2REPO/javax/script/js-engine/1.1/js-engine-1.1-jdk14.jar:/Sekhar_Data/Softwares/apache-maven-3.5.3/M2REPO/org/mozilla/rhino/1.7R4/rhino-1.7R4.jar:/Sekhar_Data/Softwares/apache-maven-3.5.3/M2REPO/org/mule/modules/mule-module-scripting-jruby/3.9.0/mule-module-scripting-jruby-3.9.0.jar:/Sekhar_Data/Softwares/apache-maven-3.5.3/M2REPO/org/jruby/jruby-stdlib/1.7.27/jruby-stdlib-1.7.27.jar:/Sekhar_Data/Softwares/apache-maven-3.5.3/M2REPO/org/jruby/joni/joni/2.1.9/joni-2.1.9.jar:/Sekhar_Data/Softwares/apache-maven-3.5.3/M2REPO/com/github/jnr/jnr-netdb/1.1.2/jnr-netdb-1.1.2.jar:/Sekhar_Data/Softwares/apache-maven-3.5.3/M2REPO/com/github/jnr/jnr-enxio/0.9/jnr-enxio-0.9.jar:/Sekhar_Data/Softwares/apache-maven-3.5.3/M2REPO/com/github/jnr/jnr-x86asm/1.0.2/jnr-x86asm-1.0.2.jar:/Sekhar_Data/Softwares/apache-maven-3.5.3/M2REPO/com/github/jnr/jnr-unixsocket/0.8/jnr-unixsocket-0.8.jar:/Sekhar_Data/Softwares/apache-maven-3.5.3/M2REPO/com/github/jnr/jnr-posix/3.0.27/jnr-posix-3.0.27.jar:/Sekhar_Data/Softwares/apache-maven-3.5.3/M2REPO/org/jruby/extras/bytelist/1.0.11/bytelist-1.0.11.jar:/Sekhar_Data/Softwares/apache-maven-3.5.3/M2REPO/com/github/jnr/jnr-constants/0.9.0/jnr-constants-0.9.0.jar:/Sekhar_Data/Softwares/apache-maven-3.5.3/M2REPO/org/jruby/jcodings/jcodings/1.0.16/jcodings-1.0.16.jar:/Sekhar_Data/Softwares/apache-maven-3.5.3/M2REPO/com/github/jnr/jffi/1.2.10/jffi-1.2.10.jar:/Sekhar_Data/Softwares/apache-maven-3.5.3/M2REPO/com/github/jnr/jffi/1.2.10/jffi-1.2.10-native.jar:/Sekhar_Data/Softwares/apache-maven-3.5.3/M2REPO/org/yaml/snakeyaml/1.15/snakeyaml-1.15.jar:/Sekhar_Data/Softwares/apache-maven-3.5.3/M2REPO/com/jcraft/jzlib/1.1.3/jzlib-1.1.3.jar:/Sekhar_Data/Softwares/apache-maven-3.5.3/M2REPO/com/headius/invokebinder/1.2/invokebinder-1.2.jar:/Sekhar_Data/Softwares/apache-maven-3.5.3/M2REPO/com/headius/options/1.3/options-1.3.jar:/Sekhar_Data/Softwares/apache-maven-3.5.3/M2REPO/com/martiansoftware/nailgun-server/0.9.1/nailgun-server-0.9.1.jar:/Sekhar_Data/Softwares/apache-maven-3.5.3/M2REPO/org/jruby/yecht/1.1/yecht-1.1-jruby.jar:/Sekhar_Data/Softwares/apache-maven-3.5.3/M2REPO/org/mule/modules/mule-module-xml/3.9.0/mule-module-xml-3.9.0.jar:/Sekhar_Data/Softwares/apache-maven-3.5.3/M2REPO/commons-jxpath/commons-jxpath/1.3/commons-jxpath-1.3.jar:/Sekhar_Data/Softwares/apache-maven-3.5.3/M2REPO/com/thoughtworks/xstream/xstream/1.4.10/xstream-1.4.10.jar:/Sekhar_Data/Softwares/apache-maven-3.5.3/M2REPO/xmlpull/xmlpull/1.1.3.1/xmlpull-1.1.3.1.jar:/Sekhar_Data/Softwares/apache-maven-3.5.3/M2REPO/xpp3/xpp3_min/1.1.3.4.O/xpp3_min-1.1.3.4.O.jar:/Sekhar_Data/Softwares/apache-maven-3.5.3/M2REPO/org/codehaus/woodstox/woodstox-core-asl/4.4.1/woodstox-core-asl-4.4.1.jar:/Sekhar_Data/Softwares/apache-maven-3.5.3/M2REPO/jaxen/jaxen/1.1.1/jaxen-1.1.1.jar:/Sekhar_Data/Softwares/apache-maven-3.5.3/M2REPO/jdom/jdom/1.0/jdom-1.0.jar:/Sekhar_Data/Softwares/apache-maven-3.5.3/M2REPO/net/java/dev/stax-utils/stax-utils/20080702/stax-utils-20080702.jar:/Sekhar_Data/Softwares/apache-maven-3.5.3/M2REPO/net/sf/saxon/Saxon-HE/9.6.0-10/Saxon-HE-9.6.0-10.jar:/Sekhar_Data/Softwares/apache-maven-3.5.3/M2REPO/net/sf/saxon/Saxon-HE/9.6.0-10/Saxon-HE-9.6.0-10-xqj.jar:/Sekhar_Data/Softwares/apache-maven-3.5.3/M2REPO/javax/xml/xquery/xqj-api/1.0/xqj-api-1.0.jar:/Sekhar_Data/Softwares/apache-maven-3.5.3/M2REPO/org/mule/tests/mule-tests-functional/3.9.0/mule-tests-functional-3.9.0.jar:/Sekhar_Data/Softwares/apache-maven-3.5.3/M2REPO/org/mule/modules/mule-module-extensions-support/3.9.0/mule-module-extensions-support-3.9.0.jar:/Sekhar_Data/Softwares/apache-maven-3.5.3/M2REPO/org/mule/extensions/mule-extensions-annotations/1.0.0-alpha-1/mule-extensions-annotations-1.0.0-alpha-1.jar:/Sekhar_Data/Softwares/apache-maven-3.5.3/M2REPO/org/springframework/spring-beans/4.1.9.RELEASE/spring-beans-4.1.9.RELEASE.jar:/Sekhar_Data/Softwares/apache-maven-3.5.3/M2REPO/junit/junit/4.12/junit-4.12.jar:/Sekhar_Data/Softwares/apache-maven-3.5.3/M2REPO/org/hamcrest/hamcrest-library/1.3/hamcrest-library-1.3.jar:/Sekhar_Data/Softwares/apache-maven-3.5.3/M2REPO/org/hamcrest/hamcrest-core/1.3/hamcrest-core-1.3.jar:/Sekhar_Data/Softwares/apache-maven-3.5.3/M2REPO/commons-net/commons-net/3.5/commons-net-3.5.jar:/Sekhar_Data/Softwares/apache-maven-3.5.3/M2REPO/org/apache/ftpserver/ftpserver-core/1.0.6/ftpserver-core-1.0.6.jar:/Sekhar_Data/Softwares/apache-maven-3.5.3/M2REPO/org/apache/mina/mina-core/2.0.4/mina-core-2.0.4.jar:/Sekhar_Data/Softwares/apache-maven-3.5.3/M2REPO/org/apache/ftpserver/ftplet-api/1.0.6/ftplet-api-1.0.6.jar:/Sekhar_Data/Softwares/apache-maven-3.5.3/M2REPO/org/apache/sshd/sshd-core/1.4.0/sshd-core-1.4.0.jar:/Sekhar_Data/Softwares/apache-maven-3.5.3/M2REPO/org/bouncycastle/bcprov-jdk15on/1.56/bcprov-jdk15on-1.56.jar:/Sekhar_Data/Softwares/apache-maven-3.5.3/M2REPO/commons-dbutils/commons-dbutils/1.2/commons-dbutils-1.2.jar:/Sekhar_Data/Softwares/apache-maven-3.5.3/M2REPO/org/reflections/reflections/0.9.9/reflections-0.9.9.jar:/Sekhar_Data/Softwares/apache-maven-3.5.3/M2REPO/org/mule/mule-core/3.9.0/mule-core-3.9.0-tests.jar:/Sekhar_Data/Softwares/apache-maven-3.5.3/M2REPO/org/mockito/mockito-core/1.10.19/mockito-core-1.10.19.jar:/Sekhar_Data/Softwares/apache-maven-3.5.3/M2REPO/org/objenesis/objenesis/2.1/objenesis-2.1.jar:/Sekhar_Data/Softwares/apache-maven-3.5.3/M2REPO/org/mule/modules/mule-module-http/3.9.0/mule-module-http-3.9.0.jar:/Sekhar_Data/Softwares/apache-maven-3.5.3/M2REPO/org/mule/transports/mule-transport-tcp/3.9.0/mule-transport-tcp-3.9.0.jar:/Sekhar_Data/Softwares/apache-maven-3.5.3/M2REPO/org/apache/geronimo/specs/geronimo-servlet_3.0_spec/1.0/geronimo-servlet_3.0_spec-1.0.jar:/Sekhar_Data/Softwares/apache-maven-3.5.3/M2REPO/org/glassfish/grizzly/grizzly-framework/2.3.33/grizzly-framework-2.3.33.jar:/Sekhar_Data/Softwares/apache-maven-3.5.3/M2REPO/org/glassfish/grizzly/grizzly-http-server/2.3.33/grizzly-http-server-2.3.33.jar:/Sekhar_Data/Softwares/apache-maven-3.5.3/M2REPO/org/glassfish/grizzly/grizzly-http/2.3.33/grizzly-http-2.3.33.jar:/Sekhar_Data/Softwares/apache-maven-3.5.3/M2REPO/org/glassfish/grizzly/connection-pool/2.3.33/connection-pool-2.3.33.jar:/Sekhar_Data/Softwares/apache-maven-3.5.3/M2REPO/javax/mail/mail/1.4.3/mail-1.4.3.jar:/Sekhar_Data/Softwares/apache-maven-3.5.3/M2REPO/org/glassfish/grizzly/grizzly-http-client/1.14/grizzly-http-client-1.14.jar:/Sekhar_Data/Softwares/apache-maven-3.5.3/M2REPO/org/glassfish/grizzly/grizzly-websockets/2.3.33/grizzly-websockets-2.3.33.jar:/Sekhar_Data/Softwares/apache-maven-3.5.3/M2REPO/com/google/guava/guava/18.0/guava-18.0.jar:/Sekhar_Data/Softwares/apache-maven-3.5.3/M2REPO/org/mule/modules/mule-module-spring-config/3.9.0/mule-module-spring-config-3.9.0.jar:/Sekhar_Data/Softwares/apache-maven-3.5.3/M2REPO/org/mule/modules/mule-module-annotations/3.9.0/mule-module-annotations-3.9.0.jar:/Sekhar_Data/Softwares/apache-maven-3.5.3/M2REPO/cglib/cglib-nodep/2.2/cglib-nodep-2.2.jar:/Sekhar_Data/Softwares/apache-maven-3.5.3/M2REPO/com/mulesoft/munit/mule-munit-support/3.9.0/mule-munit-support-3.9.0.jar:/Sekhar_Data/Softwares/apache-maven-3.5.3/M2REPO/org/mule/modules/mule-module-devkit-support/3.9.0/mule-module-devkit-support-3.9.0.jar:/Sekhar_Data/Softwares/apache-maven-3.5.3/M2REPO/oauth/signpost/signpost-core/1.2.1.2/signpost-core-1.2.1.2.jar:/Sekhar_Data/Softwares/apache-maven-3.5.3/M2REPO/com/mulesoft/modules/mule-interceptor-module/3.9.0/mule-interceptor-module-3.9.0.jar:/Sekhar_Data/Softwares/apache-maven-3.5.3/M2REPO/xerces/xercesImpl/2.9.1/xercesImpl-2.9.1.jar:/Sekhar_Data/Softwares/apache-maven-3.5.3/M2REPO/xml-apis/xml-apis/1.3.04/xml-apis-1.3.04.jar:/Sekhar_Data/Softwares/apache-maven-3.5.3/M2REPO/com/mulesoft/munit/munit-runner/1.3.6/munit-runner-1.3.6.jar:/Sekhar_Data/Softwares/apache-maven-3.5.3/M2REPO/com/mulesoft/munit/munit-assert/1.3.6/munit-assert-1.3.6.jar:/Sekhar_Data/Softwares/apache-maven-3.5.3/M2REPO/com/mulesoft/munit/munit-common/1.3.6/munit-common-1.3.6.jar:/Sekhar_Data/Softwares/apache-maven-3.5.3/M2REPO/org/mockito/mockito-all/1.8.2/mockito-all-1.8.2.jar:/Sekhar_Data/Softwares/apache-maven-3.5.3/M2REPO/com/mulesoft/munit/munit-mock/1.3.6/munit-mock-1.3.6.jar:/Sekhar_Data/Softwares/apache-maven-3.5.3/M2REPO/org/apache/commons/commons-lang3/3.0/commons-lang3-3.0.jar:/Sekhar_Data/Softwares/apache-maven-3.5.3/M2REPO/org/mule/modules/mule-module-db/3.9.0/mule-module-db-3.9.0.jar:/Sekhar_Data/Softwares/apache-maven-3.5.3/M2REPO/com/mchange/c3p0/0.9.5.2/c3p0-0.9.5.2.jar:/Sekhar_Data/Softwares/apache-maven-3.5.3/M2REPO/com/mchange/mchange-commons-java/0.2.11/mchange-commons-java-0.2.11.jar:/Sekhar_Data/Softwares/apache-maven-3.5.3/M2REPO/com/experlog/xapool/1.5.0/xapool-1.5.0.jar:/Sekhar_Data/Softwares/apache-maven-3.5.3/M2REPO/org/mule/common/mule-common/3.9.0/mule-common-3.9.0.jar:/Sekhar_Data/Softwares/apache-maven-3.5.3/M2REPO/org/mulesoft/xmlbeans/xmlbeans/2.6.3/xmlbeans-2.6.3.jar:/Sekhar_Data/Softwares/apache-maven-3.5.3/M2REPO/javax/xml/stream/stax-api/1.0-2/stax-api-1.0-2.jar:/Sekhar_Data/Softwares/apache-maven-3.5.3/M2REPO/org/json/json/20140107/json-20140107.jar:/Sekhar_Data/Softwares/apache-maven-3.5.3/M2REPO/com/fasterxml/jackson/core/jackson-core/2.8.9/jackson-core-2.8.9.jar:/Sekhar_Data/Softwares/apache-maven-3.5.3/M2REPO/org/antlr/antlr-runtime/3.5.2/antlr-runtime-3.5.2.jar:/Sekhar_Data/Softwares/apache-maven-3.5.3/M2REPO/org/apache/derby/derby/10.11.1.1/derby-10.11.1.1.jar:/Sekhar_Data/Softwares/apache-maven-3.5.3/M2REPO/com/mulesoft/weave/mule-plugin-weave/3.9.0/mule-plugin-weave-3.9.0.jar:/Sekhar_Data/Softwares/apache-maven-3.5.3/M2REPO/org/scala-lang/scala-library/2.11.7/scala-library-2.11.7.jar:/Sekhar_Data/Softwares/apache-maven-3.5.3/M2REPO/com/mulesoft/weave/core/1.2.0/core-1.2.0.jar:/Sekhar_Data/Softwares/apache-maven-3.5.3/M2REPO/com/mulesoft/weave/parser/1.2.0/parser-1.2.0.jar:/Sekhar_Data/Softwares/apache-maven-3.5.3/M2REPO/org/parboiled/parboiled_2.11/2.1.3/parboiled_2.11-2.1.3.jar:/Sekhar_Data/Softwares/apache-maven-3.5.3/M2REPO/com/chuusai/shapeless_2.11/2.3.0/shapeless_2.11-2.3.0.jar:/Sekhar_Data/Softwares/apache-maven-3.5.3/M2REPO/org/typelevel/macro-compat_2.11/1.1.1/macro-compat_2.11-1.1.1.jar:/Sekhar_Data/Softwares/apache-maven-3.5.3/M2REPO/org/spire-math/spire_2.11/0.11.0/spire_2.11-0.11.0.jar:/Sekhar_Data/Softwares/apache-maven-3.5.3/M2REPO/org/spire-math/spire-macros_2.11/0.11.0/spire-macros_2.11-0.11.0.jar:/Sekhar_Data/Softwares/apache-maven-3.5.3/M2REPO/org/typelevel/machinist_2.11/0.4.1/machinist_2.11-0.4.1.jar:/Sekhar_Data/Softwares/apache-maven-3.5.3/M2REPO/org/threeten/threetenbp/1.3.1/threetenbp-1.3.1.jar:/Sekhar_Data/Softwares/apache-maven-3.5.3/M2REPO/com/fasterxml/woodstox/woodstox-core/5.0.2/woodstox-core-5.0.2.jar:/Sekhar_Data/Softwares/apache-maven-3.5.3/M2REPO/com/fasterxml/aalto-xml/1.0.0/aalto-xml-1.0.0.jar:/Sekhar_Data/Softwares/apache-maven-3.5.3/M2REPO/com/mulesoft/weave/flatfile/1.2.0/flatfile-1.2.0.jar:/Sekhar_Data/Softwares/apache-maven-3.5.3/M2REPO/org/mule/edi/edi-parser/1.2.8/edi-parser-1.2.8.jar:/Sekhar_Data/Softwares/apache-maven-3.5.3/M2REPO/org/mule/edi/ltm-datamodel/1.2.8/ltm-datamodel-1.2.8.jar:/Sekhar_Data/Softwares/apache-maven-3.5.3/M2REPO/log4j/log4j/1.2.17/log4j-1.2.17.jar:/Sekhar_Data/Softwares/apache-maven-3.5.3/M2REPO/org/scala-lang/scala-reflect/2.11.2/scala-reflect-2.11.2.jar:/Sekhar_Data/Softwares/apache-maven-3.5.3/M2REPO/org/scala-lang/modules/scala-xml_2.11/1.0.2/scala-xml_2.11-1.0.2.jar:/Sekhar_Data/Softwares/apache-maven-3.5.3/M2REPO/org/scala-lang/scala-compiler/2.11.5/scala-compiler-2.11.5.jar:/Sekhar_Data/Softwares/apache-maven-3.5.3/M2REPO/org/scala-lang/modules/scala-parser-combinators_2.11/1.0.3/scala-parser-combinators_2.11-1.0.3.jar:/Sekhar_Data/Softwares/apache-maven-3.5.3/M2REPO/com/mulesoft/weave/excel/1.2.0/excel-1.2.0.jar:/Sekhar_Data/Softwares/apache-maven-3.5.3/M2REPO/org/apache/poi/poi/3.15/poi-3.15.jar:/Sekhar_Data/Softwares/apache-maven-3.5.3/M2REPO/org/apache/commons/commons-collections4/4.1/commons-collections4-4.1.jar:/Sekhar_Data/Softwares/apache-maven-3.5.3/M2REPO/org/apache/poi/poi-ooxml/3.15/poi-ooxml-3.15.jar:/Sekhar_Data/Softwares/apache-maven-3.5.3/M2REPO/org/apache/poi/poi-ooxml-schemas/3.15/poi-ooxml-schemas-3.15.jar:/Sekhar_Data/Softwares/apache-maven-3.5.3/M2REPO/org/apache/xmlbeans/xmlbeans/2.6.0/xmlbeans-2.6.0.jar:/Sekhar_Data/Softwares/apache-maven-3.5.3/M2REPO/stax/stax-api/1.0.1/stax-api-1.0.1.jar:/Sekhar_Data/Softwares/apache-maven-3.5.3/M2REPO/com/github/virtuald/curvesapi/1.04/curvesapi-1.04.jar:/Sekhar_Data/Softwares/apache-maven-3.5.3/M2REPO/org/mule/modules/mule-module-json/3.9.0/mule-module-json-3.9.0.jar:/Sekhar_Data/Softwares/apache-maven-3.5.3/M2REPO/org/mule/modules/mule-module-validation/3.9.0/mule-module-validation-3.9.0.jar:/Sekhar_Data/Softwares/apache-maven-3.5.3/M2REPO/commons-validator/commons-validator/1.6/commons-validator-1.6.jar:/Sekhar_Data/Softwares/apache-maven-3.5.3/M2REPO/commons-digester/commons-digester/1.8.1/commons-digester-1.8.1.jar:/Sekhar_Data/Softwares/apache-maven-3.5.3/M2REPO/org/mule/modules/mule-module-extensions-spring-support/3.9.0/mule-module-extensions-spring-support-3.9.0.jar:/Sekhar_Data/Softwares/apache-maven-3.5.3/M2REPO/org/codehaus/jackson/jackson-core-asl/1.9.11/jackson-core-asl-1.9.11.jar:/Sekhar_Data/Softwares/apache-maven-3.5.3/M2REPO/org/codehaus/jackson/jackson-mapper-asl/1.9.11/jackson-mapper-asl-1.9.11.jar:/Sekhar_Data/Softwares/apache-maven-3.5.3/M2REPO/org/codehaus/jackson/jackson-xc/1.9.11/jackson-xc-1.9.11.jar:/Sekhar_Data/Softwares/apache-maven-3.5.3/M2REPO/de/odysseus/staxon/staxon/1.2/staxon-1.2.jar:/Sekhar_Data/Softwares/apache-maven-3.5.3/M2REPO/org/codehaus/woodstox/stax2-api/3.1.4/stax2-api-3.1.4.jar:/Sekhar_Data/Softwares/apache-maven-3.5.3/M2REPO/com/github/java-json-tools/json-schema-validator/2.2.8/json-schema-validator-2.2.8.jar:/Sekhar_Data/Softwares/apache-maven-3.5.3/M2REPO/com/github/java-json-tools/json-schema-core/1.2.8/json-schema-core-1.2.8.jar:/Sekhar_Data/Softwares/apache-maven-3.5.3/M2REPO/com/github/fge/jackson-coreutils/1.8/jackson-coreutils-1.8.jar:/Sekhar_Data/Softwares/apache-maven-3.5.3/M2REPO/com/github/fge/msg-simple/1.1/msg-simple-1.1.jar:/Sekhar_Data/Softwares/apache-maven-3.5.3/M2REPO/com/github/fge/btf/1.2/btf-1.2.jar:/Sekhar_Data/Softwares/apache-maven-3.5.3/M2REPO/com/github/fge/uri-template/0.9/uri-template-0.9.jar:/Sekhar_Data/Softwares/apache-maven-3.5.3/M2REPO/javax/mail/mailapi/1.4.3/mailapi-1.4.3.jar:/Sekhar_Data/Softwares/apache-maven-3.5.3/M2REPO/com/googlecode/libphonenumber/libphonenumber/8.0.0/libphonenumber-8.0.0.jar:/Sekhar_Data/Softwares/apache-maven-3.5.3/M2REPO/net/sf/jopt-simple/jopt-simple/5.0.3/jopt-simple-5.0.3.jar:/Sekhar_Data/Softwares/apache-maven-3.5.3/M2REPO/com/fasterxml/jackson/core/jackson-databind/2.8.9/jackson-databind-2.8.9.jar:/Sekhar_Data/Softwares/apache-maven-3.5.3/M2REPO/com/fasterxml/jackson/core/jackson-annotations/2.8.0/jackson-annotations-2.8.0.jar:"/>
    <property name="java.vm.vendor" value="Oracle Corporation"/>
    <property name="sun.arch.data.model" value="64"/>
    <property name="skipMunitTests" value="true"/>
    <property name="java.vendor.url" value="http://java.oracle.com/"/>
    <property name="user.timezone" value="Asia/Kolkata"/>
    <property name="java.vm.specification.version" value="1.8"/>
    <property name="os.name" value="Mac OS X"/>
    <property name="user.country" value="US"/>
    <property name="sun.java.launcher" value="SUN_STANDARD"/>
    <property name="sun.boot.library.path" value="/Library/Java/JavaVirtualMachines/jdk1.8.0_51.jdk/Contents/Home/jre/lib"/>
    <property name="sun.java.command" value="/Users/Sekhar/AnypointStudio/Advance_Training/maven-demo/target/surefire/surefirebooter3028605783670457191.jar /Users/Sekhar/AnypointStudio/Advance_Training/maven-demo/target/surefire 2018-06-11T13-35-08_200-jvmRun1 surefire8361184364379044329tmp surefire_02002337320275580220tmp"/>
    <property name="http.nonProxyHosts" value="local|*.local|169.254/16|*.169.254/16"/>
    <property name="surefire.test.class.path" value="/Users/Sekhar/AnypointStudio/Advance_Training/maven-demo/target/test-classes:/Users/Sekhar/AnypointStudio/Advance_Training/maven-demo/target/classes:/Sekhar_Data/Softwares/apache-maven-3.5.3/M2REPO/com/mulesoft/muleesb/mule-core-ee/3.9.0/mule-core-ee-3.9.0.jar:/Sekhar_Data/Softwares/apache-maven-3.5.3/M2REPO/org/mule/mule-core/3.9.0/mule-core-3.9.0.jar:/Sekhar_Data/Softwares/apache-maven-3.5.3/M2REPO/org/mule/extensions/mule-extensions-api/1.0.0-alpha-1/mule-extensions-api-1.0.0-alpha-1.jar:/Sekhar_Data/Softwares/apache-maven-3.5.3/M2REPO/commons-beanutils/commons-beanutils/1.9.3/commons-beanutils-1.9.3.jar:/Sekhar_Data/Softwares/apache-maven-3.5.3/M2REPO/com/github/stephenc/eaio-uuid/uuid/3.4.0/uuid-3.4.0.jar:/Sekhar_Data/Softwares/apache-maven-3.5.3/M2REPO/com/github/stephenc/eaio-grabbag/grabbag/1.8.1/grabbag-1.8.1.jar:/Sekhar_Data/Softwares/apache-maven-3.5.3/M2REPO/commons-cli/commons-cli/1.2/commons-cli-1.2.jar:/Sekhar_Data/Softwares/apache-maven-3.5.3/M2REPO/commons-collections/commons-collections/3.2.2/commons-collections-3.2.2.jar:/Sekhar_Data/Softwares/apache-maven-3.5.3/M2REPO/commons-io/commons-io/2.4/commons-io-2.4.jar:/Sekhar_Data/Softwares/apache-maven-3.5.3/M2REPO/commons-lang/commons-lang/2.4/commons-lang-2.4.jar:/Sekhar_Data/Softwares/apache-maven-3.5.3/M2REPO/commons-pool/commons-pool/1.6/commons-pool-1.6.jar:/Sekhar_Data/Softwares/apache-maven-3.5.3/M2REPO/javax/transaction/javax.transaction-api/1.2/javax.transaction-api-1.2.jar:/Sekhar_Data/Softwares/apache-maven-3.5.3/M2REPO/org/apache/geronimo/specs/geronimo-j2ee-connector_1.5_spec/2.0.0/geronimo-j2ee-connector_1.5_spec-2.0.0.jar:/Sekhar_Data/Softwares/apache-maven-3.5.3/M2REPO/javax/inject/javax.inject/1/javax.inject-1.jar:/Sekhar_Data/Softwares/apache-maven-3.5.3/M2REPO/com/lmax/disruptor/3.3.0/disruptor-3.3.0.jar:/Sekhar_Data/Softwares/apache-maven-3.5.3/M2REPO/org/slf4j/slf4j-api/1.7.24/slf4j-api-1.7.24.jar:/Sekhar_Data/Softwares/apache-maven-3.5.3/M2REPO/org/apache/logging/log4j/log4j-api/2.8.2/log4j-api-2.8.2.jar:/Sekhar_Data/Softwares/apache-maven-3.5.3/M2REPO/org/apache/logging/log4j/log4j-core/2.8.2/log4j-core-2.8.2.jar:/Sekhar_Data/Softwares/apache-maven-3.5.3/M2REPO/org/apache/logging/log4j/log4j-slf4j-impl/2.8.2/log4j-slf4j-impl-2.8.2.jar:/Sekhar_Data/Softwares/apache-maven-3.5.3/M2REPO/org/apache/logging/log4j/log4j-1.2-api/2.8.2/log4j-1.2-api-2.8.2.jar:/Sekhar_Data/Softwares/apache-maven-3.5.3/M2REPO/org/apache/logging/log4j/log4j-jcl/2.8.2/log4j-jcl-2.8.2.jar:/Sekhar_Data/Softwares/apache-maven-3.5.3/M2REPO/commons-logging/commons-logging/1.2/commons-logging-1.2.jar:/Sekhar_Data/Softwares/apache-maven-3.5.3/M2REPO/org/slf4j/jcl-over-slf4j/1.7.24/jcl-over-slf4j-1.7.24.jar:/Sekhar_Data/Softwares/apache-maven-3.5.3/M2REPO/org/apache/logging/log4j/log4j-jul/2.8.2/log4j-jul-2.8.2.jar:/Sekhar_Data/Softwares/apache-maven-3.5.3/M2REPO/asm/asm/3.1/asm-3.1.jar:/Sekhar_Data/Softwares/apache-maven-3.5.3/M2REPO/asm/asm-commons/3.1/asm-commons-3.1.jar:/Sekhar_Data/Softwares/apache-maven-3.5.3/M2REPO/asm/asm-tree/3.1/asm-tree-3.1.jar:/Sekhar_Data/Softwares/apache-maven-3.5.3/M2REPO/org/mule/mvel/mule-mvel2/2.1.9-MULE-012/mule-mvel2-2.1.9-MULE-012.jar:/Sekhar_Data/Softwares/apache-maven-3.5.3/M2REPO/org/jgrapht/jgrapht-jdk1.5/0.7.3/jgrapht-jdk1.5-0.7.3.jar:/Sekhar_Data/Softwares/apache-maven-3.5.3/M2REPO/com/mulesoft/licm/licm/1.2.0/licm-1.2.0.jar:/Sekhar_Data/Softwares/apache-maven-3.5.3/M2REPO/de/schlichtherle/truelicense/1.29/truelicense-1.29.jar:/Sekhar_Data/Softwares/apache-maven-3.5.3/M2REPO/de/schlichtherle/truexml/1.29/truexml-1.29.jar:/Sekhar_Data/Softwares/apache-maven-3.5.3/M2REPO/opensymphony/propertyset/1.3/propertyset-1.3.jar:/Sekhar_Data/Softwares/apache-maven-3.5.3/M2REPO/opensymphony/oscore/2.2.4/oscore-2.2.4.jar:/Sekhar_Data/Softwares/apache-maven-3.5.3/M2REPO/org/aspectj/aspectjrt/1.8.5/aspectjrt-1.8.5.jar:/Sekhar_Data/Softwares/apache-maven-3.5.3/M2REPO/com/mulesoft/muleesb/modules/mule-module-spring-config-ee/3.9.0/mule-module-spring-config-ee-3.9.0.jar:/Sekhar_Data/Softwares/apache-maven-3.5.3/M2REPO/com/mulesoft/muleesb/modules/mule-module-multi-tx-ee/3.9.0/mule-module-multi-tx-ee-3.9.0.jar:/Sekhar_Data/Softwares/apache-maven-3.5.3/M2REPO/com/mulesoft/muleesb/modules/mule-module-xa-tx-ee/3.9.0/mule-module-xa-tx-ee-3.9.0.jar:/Sekhar_Data/Softwares/apache-maven-3.5.3/M2REPO/com/mulesoft/muleesb/modules/mule-module-cache-ee/3.9.0/mule-module-cache-ee-3.9.0.jar:/Sekhar_Data/Softwares/apache-maven-3.5.3/M2REPO/org/springframework/spring-context/4.1.9.RELEASE/spring-context-4.1.9.RELEASE.jar:/Sekhar_Data/Softwares/apache-maven-3.5.3/M2REPO/org/springframework/spring-core/4.1.9.RELEASE/spring-core-4.1.9.RELEASE.jar:/Sekhar_Data/Softwares/apache-maven-3.5.3/M2REPO/org/springframework/spring-expression/4.1.9.RELEASE/spring-expression-4.1.9.RELEASE.jar:/Sekhar_Data/Softwares/apache-maven-3.5.3/M2REPO/org/mule/transports/mule-transport-file/3.9.0/mule-transport-file-3.9.0.jar:/Sekhar_Data/Softwares/apache-maven-3.5.3/M2REPO/org/mule/transports/mule-transport-http/3.9.0/mule-transport-http-3.9.0.jar:/Sekhar_Data/Softwares/apache-maven-3.5.3/M2REPO/org/mule/transports/mule-transport-ssl/3.9.0/mule-transport-ssl-3.9.0.jar:/Sekhar_Data/Softwares/apache-maven-3.5.3/M2REPO/commons-codec/commons-codec/1.9/commons-codec-1.9.jar:/Sekhar_Data/Softwares/apache-maven-3.5.3/M2REPO/commons-httpclient/commons-httpclient/3.1/commons-httpclient-3.1.jar:/Sekhar_Data/Softwares/apache-maven-3.5.3/M2REPO/org/apache/tomcat/coyote/6.0.53/coyote-6.0.53.jar:/Sekhar_Data/Softwares/apache-maven-3.5.3/M2REPO/org/apache/tomcat/juli/6.0.53/juli-6.0.53.jar:/Sekhar_Data/Softwares/apache-maven-3.5.3/M2REPO/org/samba/jcifs/jcifs/1.3.3/jcifs-1.3.3.jar:/Sekhar_Data/Softwares/apache-maven-3.5.3/M2REPO/joda-time/joda-time/2.9.1/joda-time-2.9.1.jar:/Sekhar_Data/Softwares/apache-maven-3.5.3/M2REPO/com/mulesoft/muleesb/transports/mule-transport-jdbc-ee/3.9.0/mule-transport-jdbc-ee-3.9.0.jar:/Sekhar_Data/Softwares/apache-maven-3.5.3/M2REPO/org/mule/transports/mule-transport-jdbc/3.9.0/mule-transport-jdbc-3.9.0.jar:/Sekhar_Data/Softwares/apache-maven-3.5.3/M2REPO/net/sf/flatpack/flatpack/3.1.1/flatpack-3.1.1.jar:/Sekhar_Data/Softwares/apache-maven-3.5.3/M2REPO/org/jdom/jdom/1.1.3/jdom-1.1.3.jar:/Sekhar_Data/Softwares/apache-maven-3.5.3/M2REPO/dom4j/dom4j/1.6.1/dom4j-1.6.1.jar:/Sekhar_Data/Softwares/apache-maven-3.5.3/M2REPO/com/mulesoft/muleesb/transports/mule-transport-jms-ee/3.9.0/mule-transport-jms-ee-3.9.0.jar:/Sekhar_Data/Softwares/apache-maven-3.5.3/M2REPO/org/mule/transports/mule-transport-jms/3.9.0/mule-transport-jms-3.9.0.jar:/Sekhar_Data/Softwares/apache-maven-3.5.3/M2REPO/org/apache/geronimo/specs/geronimo-jms_1.1_spec/1.1.1/geronimo-jms_1.1_spec-1.1.1.jar:/Sekhar_Data/Softwares/apache-maven-3.5.3/M2REPO/org/springframework/spring-jms/4.1.9.RELEASE/spring-jms-4.1.9.RELEASE.jar:/Sekhar_Data/Softwares/apache-maven-3.5.3/M2REPO/org/springframework/spring-messaging/4.1.9.RELEASE/spring-messaging-4.1.9.RELEASE.jar:/Sekhar_Data/Softwares/apache-maven-3.5.3/M2REPO/org/springframework/spring-tx/4.1.9.RELEASE/spring-tx-4.1.9.RELEASE.jar:/Sekhar_Data/Softwares/apache-maven-3.5.3/M2REPO/org/mule/transports/mule-transport-vm/3.9.0/mule-transport-vm-3.9.0.jar:/Sekhar_Data/Softwares/apache-maven-3.5.3/M2REPO/org/mule/modules/mule-module-scripting/3.9.0/mule-module-scripting-3.9.0.jar:/Sekhar_Data/Softwares/apache-maven-3.5.3/M2REPO/org/springframework/spring-aop/4.1.9.RELEASE/spring-aop-4.1.9.RELEASE.jar:/Sekhar_Data/Softwares/apache-maven-3.5.3/M2REPO/aopalliance/aopalliance/1.0/aopalliance-1.0.jar:/Sekhar_Data/Softwares/apache-maven-3.5.3/M2REPO/org/mule/modules/mule-module-builders/3.9.0/mule-module-builders-3.9.0.jar:/Sekhar_Data/Softwares/apache-maven-3.5.3/M2REPO/org/springframework/spring-web/4.1.9.RELEASE/spring-web-4.1.9.RELEASE.jar:/Sekhar_Data/Softwares/apache-maven-3.5.3/M2REPO/org/codehaus/groovy/groovy-all/2.4.4/groovy-all-2.4.4-indy.jar:/Sekhar_Data/Softwares/apache-maven-3.5.3/M2REPO/org/python/jython-standalone/2.7.1b3/jython-standalone-2.7.1b3.jar:/Sekhar_Data/Softwares/apache-maven-3.5.3/M2REPO/javax/script/js-engine/1.1/js-engine-1.1-jdk14.jar:/Sekhar_Data/Softwares/apache-maven-3.5.3/M2REPO/org/mozilla/rhino/1.7R4/rhino-1.7R4.jar:/Sekhar_Data/Softwares/apache-maven-3.5.3/M2REPO/org/mule/modules/mule-module-scripting-jruby/3.9.0/mule-module-scripting-jruby-3.9.0.jar:/Sekhar_Data/Softwares/apache-maven-3.5.3/M2REPO/org/jruby/jruby-stdlib/1.7.27/jruby-stdlib-1.7.27.jar:/Sekhar_Data/Softwares/apache-maven-3.5.3/M2REPO/org/jruby/joni/joni/2.1.9/joni-2.1.9.jar:/Sekhar_Data/Softwares/apache-maven-3.5.3/M2REPO/com/github/jnr/jnr-netdb/1.1.2/jnr-netdb-1.1.2.jar:/Sekhar_Data/Softwares/apache-maven-3.5.3/M2REPO/com/github/jnr/jnr-enxio/0.9/jnr-enxio-0.9.jar:/Sekhar_Data/Softwares/apache-maven-3.5.3/M2REPO/com/github/jnr/jnr-x86asm/1.0.2/jnr-x86asm-1.0.2.jar:/Sekhar_Data/Softwares/apache-maven-3.5.3/M2REPO/com/github/jnr/jnr-unixsocket/0.8/jnr-unixsocket-0.8.jar:/Sekhar_Data/Softwares/apache-maven-3.5.3/M2REPO/com/github/jnr/jnr-posix/3.0.27/jnr-posix-3.0.27.jar:/Sekhar_Data/Softwares/apache-maven-3.5.3/M2REPO/org/jruby/extras/bytelist/1.0.11/bytelist-1.0.11.jar:/Sekhar_Data/Softwares/apache-maven-3.5.3/M2REPO/com/github/jnr/jnr-constants/0.9.0/jnr-constants-0.9.0.jar:/Sekhar_Data/Softwares/apache-maven-3.5.3/M2REPO/org/jruby/jcodings/jcodings/1.0.16/jcodings-1.0.16.jar:/Sekhar_Data/Softwares/apache-maven-3.5.3/M2REPO/com/github/jnr/jffi/1.2.10/jffi-1.2.10.jar:/Sekhar_Data/Softwares/apache-maven-3.5.3/M2REPO/com/github/jnr/jffi/1.2.10/jffi-1.2.10-native.jar:/Sekhar_Data/Softwares/apache-maven-3.5.3/M2REPO/org/yaml/snakeyaml/1.15/snakeyaml-1.15.jar:/Sekhar_Data/Softwares/apache-maven-3.5.3/M2REPO/com/jcraft/jzlib/1.1.3/jzlib-1.1.3.jar:/Sekhar_Data/Softwares/apache-maven-3.5.3/M2REPO/com/headius/invokebinder/1.2/invokebinder-1.2.jar:/Sekhar_Data/Softwares/apache-maven-3.5.3/M2REPO/com/headius/options/1.3/options-1.3.jar:/Sekhar_Data/Softwares/apache-maven-3.5.3/M2REPO/com/martiansoftware/nailgun-server/0.9.1/nailgun-server-0.9.1.jar:/Sekhar_Data/Softwares/apache-maven-3.5.3/M2REPO/org/jruby/yecht/1.1/yecht-1.1-jruby.jar:/Sekhar_Data/Softwares/apache-maven-3.5.3/M2REPO/org/mule/modules/mule-module-xml/3.9.0/mule-module-xml-3.9.0.jar:/Sekhar_Data/Softwares/apache-maven-3.5.3/M2REPO/commons-jxpath/commons-jxpath/1.3/commons-jxpath-1.3.jar:/Sekhar_Data/Softwares/apache-maven-3.5.3/M2REPO/com/thoughtworks/xstream/xstream/1.4.10/xstream-1.4.10.jar:/Sekhar_Data/Softwares/apache-maven-3.5.3/M2REPO/xmlpull/xmlpull/1.1.3.1/xmlpull-1.1.3.1.jar:/Sekhar_Data/Softwares/apache-maven-3.5.3/M2REPO/xpp3/xpp3_min/1.1.3.4.O/xpp3_min-1.1.3.4.O.jar:/Sekhar_Data/Softwares/apache-maven-3.5.3/M2REPO/org/codehaus/woodstox/woodstox-core-asl/4.4.1/woodstox-core-asl-4.4.1.jar:/Sekhar_Data/Softwares/apache-maven-3.5.3/M2REPO/jaxen/jaxen/1.1.1/jaxen-1.1.1.jar:/Sekhar_Data/Softwares/apache-maven-3.5.3/M2REPO/jdom/jdom/1.0/jdom-1.0.jar:/Sekhar_Data/Softwares/apache-maven-3.5.3/M2REPO/net/java/dev/stax-utils/stax-utils/20080702/stax-utils-20080702.jar:/Sekhar_Data/Softwares/apache-maven-3.5.3/M2REPO/net/sf/saxon/Saxon-HE/9.6.0-10/Saxon-HE-9.6.0-10.jar:/Sekhar_Data/Softwares/apache-maven-3.5.3/M2REPO/net/sf/saxon/Saxon-HE/9.6.0-10/Saxon-HE-9.6.0-10-xqj.jar:/Sekhar_Data/Softwares/apache-maven-3.5.3/M2REPO/javax/xml/xquery/xqj-api/1.0/xqj-api-1.0.jar:/Sekhar_Data/Softwares/apache-maven-3.5.3/M2REPO/org/mule/tests/mule-tests-functional/3.9.0/mule-tests-functional-3.9.0.jar:/Sekhar_Data/Softwares/apache-maven-3.5.3/M2REPO/org/mule/modules/mule-module-extensions-support/3.9.0/mule-module-extensions-support-3.9.0.jar:/Sekhar_Data/Softwares/apache-maven-3.5.3/M2REPO/org/mule/extensions/mule-extensions-annotations/1.0.0-alpha-1/mule-extensions-annotations-1.0.0-alpha-1.jar:/Sekhar_Data/Softwares/apache-maven-3.5.3/M2REPO/org/springframework/spring-beans/4.1.9.RELEASE/spring-beans-4.1.9.RELEASE.jar:/Sekhar_Data/Softwares/apache-maven-3.5.3/M2REPO/junit/junit/4.12/junit-4.12.jar:/Sekhar_Data/Softwares/apache-maven-3.5.3/M2REPO/org/hamcrest/hamcrest-library/1.3/hamcrest-library-1.3.jar:/Sekhar_Data/Softwares/apache-maven-3.5.3/M2REPO/org/hamcrest/hamcrest-core/1.3/hamcrest-core-1.3.jar:/Sekhar_Data/Softwares/apache-maven-3.5.3/M2REPO/commons-net/commons-net/3.5/commons-net-3.5.jar:/Sekhar_Data/Softwares/apache-maven-3.5.3/M2REPO/org/apache/ftpserver/ftpserver-core/1.0.6/ftpserver-core-1.0.6.jar:/Sekhar_Data/Softwares/apache-maven-3.5.3/M2REPO/org/apache/mina/mina-core/2.0.4/mina-core-2.0.4.jar:/Sekhar_Data/Softwares/apache-maven-3.5.3/M2REPO/org/apache/ftpserver/ftplet-api/1.0.6/ftplet-api-1.0.6.jar:/Sekhar_Data/Softwares/apache-maven-3.5.3/M2REPO/org/apache/sshd/sshd-core/1.4.0/sshd-core-1.4.0.jar:/Sekhar_Data/Softwares/apache-maven-3.5.3/M2REPO/org/bouncycastle/bcprov-jdk15on/1.56/bcprov-jdk15on-1.56.jar:/Sekhar_Data/Softwares/apache-maven-3.5.3/M2REPO/commons-dbutils/commons-dbutils/1.2/commons-dbutils-1.2.jar:/Sekhar_Data/Softwares/apache-maven-3.5.3/M2REPO/org/reflections/reflections/0.9.9/reflections-0.9.9.jar:/Sekhar_Data/Softwares/apache-maven-3.5.3/M2REPO/org/mule/mule-core/3.9.0/mule-core-3.9.0-tests.jar:/Sekhar_Data/Softwares/apache-maven-3.5.3/M2REPO/org/mockito/mockito-core/1.10.19/mockito-core-1.10.19.jar:/Sekhar_Data/Softwares/apache-maven-3.5.3/M2REPO/org/objenesis/objenesis/2.1/objenesis-2.1.jar:/Sekhar_Data/Softwares/apache-maven-3.5.3/M2REPO/org/mule/modules/mule-module-http/3.9.0/mule-module-http-3.9.0.jar:/Sekhar_Data/Softwares/apache-maven-3.5.3/M2REPO/org/mule/transports/mule-transport-tcp/3.9.0/mule-transport-tcp-3.9.0.jar:/Sekhar_Data/Softwares/apache-maven-3.5.3/M2REPO/org/apache/geronimo/specs/geronimo-servlet_3.0_spec/1.0/geronimo-servlet_3.0_spec-1.0.jar:/Sekhar_Data/Softwares/apache-maven-3.5.3/M2REPO/org/glassfish/grizzly/grizzly-framework/2.3.33/grizzly-framework-2.3.33.jar:/Sekhar_Data/Softwares/apache-maven-3.5.3/M2REPO/org/glassfish/grizzly/grizzly-http-server/2.3.33/grizzly-http-server-2.3.33.jar:/Sekhar_Data/Softwares/apache-maven-3.5.3/M2REPO/org/glassfish/grizzly/grizzly-http/2.3.33/grizzly-http-2.3.33.jar:/Sekhar_Data/Softwares/apache-maven-3.5.3/M2REPO/org/glassfish/grizzly/connection-pool/2.3.33/connection-pool-2.3.33.jar:/Sekhar_Data/Softwares/apache-maven-3.5.3/M2REPO/javax/mail/mail/1.4.3/mail-1.4.3.jar:/Sekhar_Data/Softwares/apache-maven-3.5.3/M2REPO/org/glassfish/grizzly/grizzly-http-client/1.14/grizzly-http-client-1.14.jar:/Sekhar_Data/Softwares/apache-maven-3.5.3/M2REPO/org/glassfish/grizzly/grizzly-websockets/2.3.33/grizzly-websockets-2.3.33.jar:/Sekhar_Data/Softwares/apache-maven-3.5.3/M2REPO/com/google/guava/guava/18.0/guava-18.0.jar:/Sekhar_Data/Softwares/apache-maven-3.5.3/M2REPO/org/mule/modules/mule-module-spring-config/3.9.0/mule-module-spring-config-3.9.0.jar:/Sekhar_Data/Softwares/apache-maven-3.5.3/M2REPO/org/mule/modules/mule-module-annotations/3.9.0/mule-module-annotations-3.9.0.jar:/Sekhar_Data/Softwares/apache-maven-3.5.3/M2REPO/cglib/cglib-nodep/2.2/cglib-nodep-2.2.jar:/Sekhar_Data/Softwares/apache-maven-3.5.3/M2REPO/com/mulesoft/munit/mule-munit-support/3.9.0/mule-munit-support-3.9.0.jar:/Sekhar_Data/Softwares/apache-maven-3.5.3/M2REPO/org/mule/modules/mule-module-devkit-support/3.9.0/mule-module-devkit-support-3.9.0.jar:/Sekhar_Data/Softwares/apache-maven-3.5.3/M2REPO/oauth/signpost/signpost-core/1.2.1.2/signpost-core-1.2.1.2.jar:/Sekhar_Data/Softwares/apache-maven-3.5.3/M2REPO/com/mulesoft/modules/mule-interceptor-module/3.9.0/mule-interceptor-module-3.9.0.jar:/Sekhar_Data/Softwares/apache-maven-3.5.3/M2REPO/xerces/xercesImpl/2.9.1/xercesImpl-2.9.1.jar:/Sekhar_Data/Softwares/apache-maven-3.5.3/M2REPO/xml-apis/xml-apis/1.3.04/xml-apis-1.3.04.jar:/Sekhar_Data/Softwares/apache-maven-3.5.3/M2REPO/com/mulesoft/munit/munit-runner/1.3.6/munit-runner-1.3.6.jar:/Sekhar_Data/Softwares/apache-maven-3.5.3/M2REPO/com/mulesoft/munit/munit-assert/1.3.6/munit-assert-1.3.6.jar:/Sekhar_Data/Softwares/apache-maven-3.5.3/M2REPO/com/mulesoft/munit/munit-common/1.3.6/munit-common-1.3.6.jar:/Sekhar_Data/Softwares/apache-maven-3.5.3/M2REPO/org/mockito/mockito-all/1.8.2/mockito-all-1.8.2.jar:/Sekhar_Data/Softwares/apache-maven-3.5.3/M2REPO/com/mulesoft/munit/munit-mock/1.3.6/munit-mock-1.3.6.jar:/Sekhar_Data/Softwares/apache-maven-3.5.3/M2REPO/org/apache/commons/commons-lang3/3.0/commons-lang3-3.0.jar:/Sekhar_Data/Softwares/apache-maven-3.5.3/M2REPO/org/mule/modules/mule-module-db/3.9.0/mule-module-db-3.9.0.jar:/Sekhar_Data/Softwares/apache-maven-3.5.3/M2REPO/com/mchange/c3p0/0.9.5.2/c3p0-0.9.5.2.jar:/Sekhar_Data/Softwares/apache-maven-3.5.3/M2REPO/com/mchange/mchange-commons-java/0.2.11/mchange-commons-java-0.2.11.jar:/Sekhar_Data/Softwares/apache-maven-3.5.3/M2REPO/com/experlog/xapool/1.5.0/xapool-1.5.0.jar:/Sekhar_Data/Softwares/apache-maven-3.5.3/M2REPO/org/mule/common/mule-common/3.9.0/mule-common-3.9.0.jar:/Sekhar_Data/Softwares/apache-maven-3.5.3/M2REPO/org/mulesoft/xmlbeans/xmlbeans/2.6.3/xmlbeans-2.6.3.jar:/Sekhar_Data/Softwares/apache-maven-3.5.3/M2REPO/javax/xml/stream/stax-api/1.0-2/stax-api-1.0-2.jar:/Sekhar_Data/Softwares/apache-maven-3.5.3/M2REPO/org/json/json/20140107/json-20140107.jar:/Sekhar_Data/Softwares/apache-maven-3.5.3/M2REPO/com/fasterxml/jackson/core/jackson-core/2.8.9/jackson-core-2.8.9.jar:/Sekhar_Data/Softwares/apache-maven-3.5.3/M2REPO/org/antlr/antlr-runtime/3.5.2/antlr-runtime-3.5.2.jar:/Sekhar_Data/Softwares/apache-maven-3.5.3/M2REPO/org/apache/derby/derby/10.11.1.1/derby-10.11.1.1.jar:/Sekhar_Data/Softwares/apache-maven-3.5.3/M2REPO/com/mulesoft/weave/mule-plugin-weave/3.9.0/mule-plugin-weave-3.9.0.jar:/Sekhar_Data/Softwares/apache-maven-3.5.3/M2REPO/org/scala-lang/scala-library/2.11.7/scala-library-2.11.7.jar:/Sekhar_Data/Softwares/apache-maven-3.5.3/M2REPO/com/mulesoft/weave/core/1.2.0/core-1.2.0.jar:/Sekhar_Data/Softwares/apache-maven-3.5.3/M2REPO/com/mulesoft/weave/parser/1.2.0/parser-1.2.0.jar:/Sekhar_Data/Softwares/apache-maven-3.5.3/M2REPO/org/parboiled/parboiled_2.11/2.1.3/parboiled_2.11-2.1.3.jar:/Sekhar_Data/Softwares/apache-maven-3.5.3/M2REPO/com/chuusai/shapeless_2.11/2.3.0/shapeless_2.11-2.3.0.jar:/Sekhar_Data/Softwares/apache-maven-3.5.3/M2REPO/org/typelevel/macro-compat_2.11/1.1.1/macro-compat_2.11-1.1.1.jar:/Sekhar_Data/Softwares/apache-maven-3.5.3/M2REPO/org/spire-math/spire_2.11/0.11.0/spire_2.11-0.11.0.jar:/Sekhar_Data/Softwares/apache-maven-3.5.3/M2REPO/org/spire-math/spire-macros_2.11/0.11.0/spire-macros_2.11-0.11.0.jar:/Sekhar_Data/Softwares/apache-maven-3.5.3/M2REPO/org/typelevel/machinist_2.11/0.4.1/machinist_2.11-0.4.1.jar:/Sekhar_Data/Softwares/apache-maven-3.5.3/M2REPO/org/threeten/threetenbp/1.3.1/threetenbp-1.3.1.jar:/Sekhar_Data/Softwares/apache-maven-3.5.3/M2REPO/com/fasterxml/woodstox/woodstox-core/5.0.2/woodstox-core-5.0.2.jar:/Sekhar_Data/Softwares/apache-maven-3.5.3/M2REPO/com/fasterxml/aalto-xml/1.0.0/aalto-xml-1.0.0.jar:/Sekhar_Data/Softwares/apache-maven-3.5.3/M2REPO/com/mulesoft/weave/flatfile/1.2.0/flatfile-1.2.0.jar:/Sekhar_Data/Softwares/apache-maven-3.5.3/M2REPO/org/mule/edi/edi-parser/1.2.8/edi-parser-1.2.8.jar:/Sekhar_Data/Softwares/apache-maven-3.5.3/M2REPO/org/mule/edi/ltm-datamodel/1.2.8/ltm-datamodel-1.2.8.jar:/Sekhar_Data/Softwares/apache-maven-3.5.3/M2REPO/log4j/log4j/1.2.17/log4j-1.2.17.jar:/Sekhar_Data/Softwares/apache-maven-3.5.3/M2REPO/org/scala-lang/scala-reflect/2.11.2/scala-reflect-2.11.2.jar:/Sekhar_Data/Softwares/apache-maven-3.5.3/M2REPO/org/scala-lang/modules/scala-xml_2.11/1.0.2/scala-xml_2.11-1.0.2.jar:/Sekhar_Data/Softwares/apache-maven-3.5.3/M2REPO/org/scala-lang/scala-compiler/2.11.5/scala-compiler-2.11.5.jar:/Sekhar_Data/Softwares/apache-maven-3.5.3/M2REPO/org/scala-lang/modules/scala-parser-combinators_2.11/1.0.3/scala-parser-combinators_2.11-1.0.3.jar:/Sekhar_Data/Softwares/apache-maven-3.5.3/M2REPO/com/mulesoft/weave/excel/1.2.0/excel-1.2.0.jar:/Sekhar_Data/Softwares/apache-maven-3.5.3/M2REPO/org/apache/poi/poi/3.15/poi-3.15.jar:/Sekhar_Data/Softwares/apache-maven-3.5.3/M2REPO/org/apache/commons/commons-collections4/4.1/commons-collections4-4.1.jar:/Sekhar_Data/Softwares/apache-maven-3.5.3/M2REPO/org/apache/poi/poi-ooxml/3.15/poi-ooxml-3.15.jar:/Sekhar_Data/Softwares/apache-maven-3.5.3/M2REPO/org/apache/poi/poi-ooxml-schemas/3.15/poi-ooxml-schemas-3.15.jar:/Sekhar_Data/Softwares/apache-maven-3.5.3/M2REPO/org/apache/xmlbeans/xmlbeans/2.6.0/xmlbeans-2.6.0.jar:/Sekhar_Data/Softwares/apache-maven-3.5.3/M2REPO/stax/stax-api/1.0.1/stax-api-1.0.1.jar:/Sekhar_Data/Softwares/apache-maven-3.5.3/M2REPO/com/github/virtuald/curvesapi/1.04/curvesapi-1.04.jar:/Sekhar_Data/Softwares/apache-maven-3.5.3/M2REPO/org/mule/modules/mule-module-json/3.9.0/mule-module-json-3.9.0.jar:/Sekhar_Data/Softwares/apache-maven-3.5.3/M2REPO/org/mule/modules/mule-module-validation/3.9.0/mule-module-validation-3.9.0.jar:/Sekhar_Data/Softwares/apache-maven-3.5.3/M2REPO/commons-validator/commons-validator/1.6/commons-validator-1.6.jar:/Sekhar_Data/Softwares/apache-maven-3.5.3/M2REPO/commons-digester/commons-digester/1.8.1/commons-digester-1.8.1.jar:/Sekhar_Data/Softwares/apache-maven-3.5.3/M2REPO/org/mule/modules/mule-module-extensions-spring-support/3.9.0/mule-module-extensions-spring-support-3.9.0.jar:/Sekhar_Data/Softwares/apache-maven-3.5.3/M2REPO/org/codehaus/jackson/jackson-core-asl/1.9.11/jackson-core-asl-1.9.11.jar:/Sekhar_Data/Softwares/apache-maven-3.5.3/M2REPO/org/codehaus/jackson/jackson-mapper-asl/1.9.11/jackson-mapper-asl-1.9.11.jar:/Sekhar_Data/Softwares/apache-maven-3.5.3/M2REPO/org/codehaus/jackson/jackson-xc/1.9.11/jackson-xc-1.9.11.jar:/Sekhar_Data/Softwares/apache-maven-3.5.3/M2REPO/de/odysseus/staxon/staxon/1.2/staxon-1.2.jar:/Sekhar_Data/Softwares/apache-maven-3.5.3/M2REPO/org/codehaus/woodstox/stax2-api/3.1.4/stax2-api-3.1.4.jar:/Sekhar_Data/Softwares/apache-maven-3.5.3/M2REPO/com/github/java-json-tools/json-schema-validator/2.2.8/json-schema-validator-2.2.8.jar:/Sekhar_Data/Softwares/apache-maven-3.5.3/M2REPO/com/github/java-json-tools/json-schema-core/1.2.8/json-schema-core-1.2.8.jar:/Sekhar_Data/Softwares/apache-maven-3.5.3/M2REPO/com/github/fge/jackson-coreutils/1.8/jackson-coreutils-1.8.jar:/Sekhar_Data/Softwares/apache-maven-3.5.3/M2REPO/com/github/fge/msg-simple/1.1/msg-simple-1.1.jar:/Sekhar_Data/Softwares/apache-maven-3.5.3/M2REPO/com/github/fge/btf/1.2/btf-1.2.jar:/Sekhar_Data/Softwares/apache-maven-3.5.3/M2REPO/com/github/fge/uri-template/0.9/uri-template-0.9.jar:/Sekhar_Data/Softwares/apache-maven-3.5.3/M2REPO/javax/mail/mailapi/1.4.3/mailapi-1.4.3.jar:/Sekhar_Data/Softwares/apache-maven-3.5.3/M2REPO/com/googlecode/libphonenumber/libphonenumber/8.0.0/libphonenumber-8.0.0.jar:/Sekhar_Data/Softwares/apache-maven-3.5.3/M2REPO/net/sf/jopt-simple/jopt-simple/5.0.3/jopt-simple-5.0.3.jar:/Sekhar_Data/Softwares/apache-maven-3.5.3/M2REPO/com/fasterxml/jackson/core/jackson-databind/2.8.9/jackson-databind-2.8.9.jar:/Sekhar_Data/Softwares/apache-maven-3.5.3/M2REPO/com/fasterxml/jackson/core/jackson-annotations/2.8.0/jackson-annotations-2.8.0.jar:"/>
    <property name="sun.cpu.endian" value="little"/>
    <property name="user.home" value="/Users/Sekhar"/>
    <property name="user.language" value="en"/>
    <property name="java.specification.vendor" value="Oracle Corporation"/>
    <property name="java.home" value="/Library/Java/JavaVirtualMachines/jdk1.8.0_51.jdk/Contents/Home/jre"/>
    <property name="basedir" value="/Users/Sekhar/AnypointStudio/Advance_Training/maven-demo"/>
    <property name="file.separator" value="/"/>
    <property name="line.separator" value="&#10;"/>
    <property name="java.vm.specification.vendor" value="Oracle Corporation"/>
    <property name="java.specification.name" value="Java Platform API Specification"/>
    <property name="java.awt.graphicsenv" value="sun.awt.CGraphicsEnvironment"/>
    <property name="surefire.real.class.path" value="/Users/Sekhar/AnypointStudio/Advance_Training/maven-demo/target/surefire/surefirebooter3028605783670457191.jar"/>
    <property name="sun.boot.class.path" value="/Library/Java/JavaVirtualMachines/jdk1.8.0_51.jdk/Contents/Home/jre/lib/resources.jar:/Library/Java/JavaVirtualMachines/jdk1.8.0_51.jdk/Contents/Home/jre/lib/rt.jar:/Library/Java/JavaVirtualMachines/jdk1.8.0_51.jdk/Contents/Home/jre/lib/sunrsasign.jar:/Library/Java/JavaVirtualMachines/jdk1.8.0_51.jdk/Contents/Home/jre/lib/jsse.jar:/Library/Java/JavaVirtualMachines/jdk1.8.0_51.jdk/Contents/Home/jre/lib/jce.jar:/Library/Java/JavaVirtualMachines/jdk1.8.0_51.jdk/Contents/Home/jre/lib/charsets.jar:/Library/Java/JavaVirtualMachines/jdk1.8.0_51.jdk/Contents/Home/jre/lib/jfr.jar:/Library/Java/JavaVirtualMachines/jdk1.8.0_51.jdk/Contents/Home/jre/classes"/>
    <property name="sun.management.compiler" value="HotSpot 64-Bit Tiered Compilers"/>
    <property name="ftp.nonProxyHosts" value="local|*.local|169.254/16|*.169.254/16"/>
    <property name="java.runtime.version" value="1.8.0_51-b16"/>
    <property name="user.name" value="Sekhar"/>
    <property name="path.separator" value=":"/>
    <property name="os.version" value="10.13.3"/>
    <property name="java.endorsed.dirs" value="/Library/Java/JavaVirtualMachines/jdk1.8.0_51.jdk/Contents/Home/jre/lib/endorsed"/>
    <property name="java.runtime.name" value="Java(TM) SE Runtime Environment"/>
    <property name="file.encoding" value="UTF-8"/>
    <property name="java.vm.name" value="Java HotSpot(TM) 64-Bit Server VM"/>
    <property name="localRepository" value="/Sekhar_Data/Softwares/apache-maven-3.5.3/M2REPO"/>
    <property name="java.vendor.url.bug" value="http://bugreport.sun.com/bugreport/"/>
    <property name="java.io.tmpdir" value="/var/folders/ml/5mg8kgv92456njqbwmr66l7w0000gn/T/"/>
    <property name="java.version" value="1.8.0_51"/>
    <property name="user.dir" value="/Users/Sekhar/AnypointStudio/Advance_Training/maven-demo"/>
    <property name="os.arch" value="x86_64"/>
    <property name="java.vm.specification.name" value="Java Virtual Machine Specification"/>
    <property name="java.awt.printerjob" value="sun.lwawt.macosx.CPrinterJob"/>
    <property name="sun.os.patch.level" value="unknown"/>
    <property name="java.library.path" value="/Users/Sekhar/Library/Java/Extensions:/Library/Java/Extensions:/Network/Library/Java/Extensions:/System/Library/Java/Extensions:/usr/lib/java:."/>
    <property name="java.vm.info" value="mixed mode"/>
    <property name="java.vendor" value="Oracle Corporation"/>
    <property name="java.vm.version" value="25.51-b03"/>
    <property name="java.ext.dirs" value="/Users/Sekhar/Library/Java/Extensions:/Library/Java/JavaVirtualMachines/jdk1.8.0_51.jdk/Contents/Home/jre/lib/ext:/Library/Java/Extensions:/Network/Library/Java/Extensions:/System/Library/Java/Extensions:/usr/lib/java"/>
    <property name="sun.io.unicode.encoding" value="UnicodeBig"/>
    <property name="java.class.version" value="52.0"/>
    <property name="socksNonProxyHosts" value="local|*.local|169.254/16|*.169.254/16"/>
  </properties>
  <testcase name="mavenFlowReturnsHelloMaven" classname="com.mulesoft.training.HelloMavenTest" time="3.269"/>
</testsuite>